Build started 03/06/2011 11:52:08.
     1>Project "c:\Users\Damien\documents\visual studio 2010\Projects\Bot\Bot\Bot.vcxproj" on node 2 (build target(s)).
     1>InitializeBuildStatus:
         Touching "Release\Bot.unsuccessfulbuild".
       ClCompile:
         C:\Program Files (x86)\Microsoft Visual Studio 10.0\VC\bin\CL.exe /c /Zi /nologo /W3 /WX- /O2 /Oi /Oy- /GL /D _MBCS /Gm- /EHsc /MD /GS /Gy /fp:precise /Zc:wchar_t /Zc:forScope /Fo"Release\\" /Fd"Release\vc100.pdb" /Gd /TP /analyze- /errorReport:prompt main.cpp
         main.cpp
     1>main.cpp(40): warning C4002: too many actual parameters for macro 'GetGValue'
     1>main.cpp(66): warning C4002: too many actual parameters for macro 'GetRValue'
       Link:
         C:\Program Files (x86)\Microsoft Visual Studio 10.0\VC\bin\link.exe /ERRORREPORT:PROMPT /OUT:"c:\users\damien\documents\visual studio 2010\Projects\Bot\Release\Bot.exe" /NOLOGO kernel32.lib user32.lib gdi32.lib winspool.lib comdlg32.lib advapi32.lib shell32.lib ole32.lib oleaut32.lib uuid.lib odbc32.lib odbccp32.lib /MANIFEST /ManifestFile:"Release\Bot.exe.intermediate.manifest" /MANIFESTUAC:"level='asInvoker' uiAccess='false'" /DEBUG /PDB:"c:\users\damien\documents\visual studio 2010\Projects\Bot\Release\Bot.pdb" /OPT:REF /OPT:ICF /LTCG /TLBID:1 /DYNAMICBASE /NXCOMPAT /IMPLIB:"c:\users\damien\documents\visual studio 2010\Projects\Bot\Release\Bot.lib" /MACHINE:X86 Release\main.obj
         Generating code
         Finished generating code
         Bot.vcxproj -> c:\users\damien\documents\visual studio 2010\Projects\Bot\Release\Bot.exe
       Manifest:
         C:\Program Files (x86)\Microsoft SDKs\Windows\v7.0A\bin\mt.exe /nologo /verbose /outputresource:"c:\users\damien\documents\visual studio 2010\Projects\Bot\Release\Bot.exe;#1" /manifest Release\Bot.exe.intermediate.manifest
       FinalizeBuildStatus:
         Deleting file "Release\Bot.unsuccessfulbuild".
         Touching "Release\Bot.lastbuildstate".
     1>Done Building Project "c:\Users\Damien\documents\visual studio 2010\Projects\Bot\Bot\Bot.vcxproj" (build target(s)).

Build succeeded.

Time Elapsed 00:00:02.53
