Build started 07/06/2011 11:00:03.
     1>Project "C:\Users\Damien\documents\visual studio 2010\Projects\Bot\Bot\Bot.vcxproj" on node 2 (build target(s)).
     1>InitializeBuildStatus:
         Creating "Debug\Bot.unsuccessfulbuild" because "AlwaysCreate" was specified.
       ClCompile:
         C:\Program Files (x86)\Microsoft Visual Studio 10.0\VC\bin\CL.exe /c /ZI /nologo /W3 /WX- /Od /Oy- /D _MBCS /Gm /EHsc /RTC1 /MDd /GS /fp:precise /Zc:wchar_t /Zc:forScope /Fo"Debug\\" /Fd"Debug\vc100.pdb" /Gd /TP /analyze- /errorReport:prompt main.cpp
         main.cpp
     1>c:\users\damien\documents\visual studio 2010\projects\bot\bot\main.cpp(132): warning C4244: 'initializing' : conversion from 'double' to 'int', possible loss of data
     1>c:\users\damien\documents\visual studio 2010\projects\bot\bot\main.cpp(137): warning C4244: 'initializing' : conversion from 'double' to 'float', possible loss of data
     1>c:\users\damien\documents\visual studio 2010\projects\bot\bot\main.cpp(155): warning C4244: 'argument' : conversion from 'float' to 'int', possible loss of data
     1>c:\users\damien\documents\visual studio 2010\projects\bot\bot\main.cpp(170): warning C4018: '<' : signed/unsigned mismatch
     1>c:\users\damien\documents\visual studio 2010\projects\bot\bot\main.cpp(200): warning C4244: 'argument' : conversion from 'float' to 'int', possible loss of data
     1>c:\users\damien\documents\visual studio 2010\projects\bot\bot\main.cpp(200): warning C4244: 'argument' : conversion from 'float' to 'int', possible loss of data
     1>c:\users\damien\documents\visual studio 2010\projects\bot\bot\main.cpp(201): warning C4244: 'argument' : conversion from 'float' to 'int', possible loss of data
     1>c:\users\damien\documents\visual studio 2010\projects\bot\bot\main.cpp(201): warning C4244: 'argument' : conversion from 'float' to 'int', possible loss of data
     1>c:\users\damien\documents\visual studio 2010\projects\bot\bot\main.cpp(202): warning C4244: 'argument' : conversion from 'float' to 'int', possible loss of data
     1>c:\users\damien\documents\visual studio 2010\projects\bot\bot\main.cpp(202): warning C4244: 'argument' : conversion from 'float' to 'int', possible loss of data
     1>c:\users\damien\documents\visual studio 2010\projects\bot\bot\main.cpp(203): warning C4244: 'argument' : conversion from 'float' to 'int', possible loss of data
     1>c:\users\damien\documents\visual studio 2010\projects\bot\bot\main.cpp(203): warning C4244: 'argument' : conversion from 'float' to 'int', possible loss of data
     1>c:\users\damien\documents\visual studio 2010\projects\bot\bot\main.cpp(205): warning C4244: 'argument' : conversion from 'float' to 'int', possible loss of data
     1>c:\users\damien\documents\visual studio 2010\projects\bot\bot\main.cpp(205): warning C4244: 'argument' : conversion from 'float' to 'int', possible loss of data
     1>c:\users\damien\documents\visual studio 2010\projects\bot\bot\main.cpp(206): warning C4244: 'argument' : conversion from 'float' to 'int', possible loss of data
     1>c:\users\damien\documents\visual studio 2010\projects\bot\bot\main.cpp(206): warning C4244: 'argument' : conversion from 'float' to 'int', possible loss of data
     1>c:\users\damien\documents\visual studio 2010\projects\bot\bot\main.cpp(207): warning C4244: 'argument' : conversion from 'float' to 'int', possible loss of data
     1>c:\users\damien\documents\visual studio 2010\projects\bot\bot\main.cpp(207): warning C4244: 'argument' : conversion from 'float' to 'int', possible loss of data
     1>c:\users\damien\documents\visual studio 2010\projects\bot\bot\main.cpp(208): warning C4244: 'argument' : conversion from 'float' to 'int', possible loss of data
     1>c:\users\damien\documents\visual studio 2010\projects\bot\bot\main.cpp(208): warning C4244: 'argument' : conversion from 'float' to 'int', possible loss of data
     1>c:\users\damien\documents\visual studio 2010\projects\bot\bot\main.cpp(211): warning C4244: 'argument' : conversion from 'float' to 'int', possible loss of data
     1>c:\users\damien\documents\visual studio 2010\projects\bot\bot\main.cpp(211): warning C4244: 'argument' : conversion from 'float' to 'int', possible loss of data
     1>c:\users\damien\documents\visual studio 2010\projects\bot\bot\main.cpp(221): warning C4244: 'argument' : conversion from 'float' to 'int', possible loss of data
     1>c:\users\damien\documents\visual studio 2010\projects\bot\bot\main.cpp(235): warning C4244: 'argument' : conversion from 'float' to 'int', possible loss of data
     1>c:\users\damien\documents\visual studio 2010\projects\bot\bot\main.cpp(235): warning C4244: 'argument' : conversion from 'float' to 'int', possible loss of data
     1>c:\users\damien\documents\visual studio 2010\projects\bot\bot\main.cpp(244): warning C4244: 'argument' : conversion from 'float' to 'int', possible loss of data
     1>c:\users\damien\documents\visual studio 2010\projects\bot\bot\main.cpp(244): warning C4244: 'argument' : conversion from 'float' to 'int', possible loss of data
     1>c:\users\damien\documents\visual studio 2010\projects\bot\bot\main.cpp(246): warning C4244: 'argument' : conversion from 'float' to 'int', possible loss of data
     1>c:\users\damien\documents\visual studio 2010\projects\bot\bot\main.cpp(261): warning C4244: 'argument' : conversion from 'float' to 'int', possible loss of data
     1>c:\users\damien\documents\visual studio 2010\projects\bot\bot\main.cpp(261): warning C4244: 'argument' : conversion from 'float' to 'int', possible loss of data
     1>c:\users\damien\documents\visual studio 2010\projects\bot\bot\main.cpp(263): warning C4244: 'argument' : conversion from 'float' to 'int', possible loss of data
     1>c:\users\damien\documents\visual studio 2010\projects\bot\bot\main.cpp(263): warning C4244: 'argument' : conversion from 'float' to 'int', possible loss of data
       Link:
         C:\Program Files (x86)\Microsoft Visual Studio 10.0\VC\bin\link.exe /ERRORREPORT:PROMPT /OUT:"C:\Users\Damien\documents\visual studio 2010\Projects\Bot\Debug\Bot.exe" /NOLOGO kernel32.lib user32.lib gdi32.lib winspool.lib comdlg32.lib advapi32.lib shell32.lib ole32.lib oleaut32.lib uuid.lib odbc32.lib odbccp32.lib /MANIFEST /ManifestFile:"Debug\Bot.exe.intermediate.manifest" /MANIFESTUAC:"level='asInvoker' uiAccess='false'" /DEBUG /PDB:"C:\Users\Damien\documents\visual studio 2010\Projects\Bot\Debug\Bot.pdb" /TLBID:1 /DYNAMICBASE /NXCOMPAT /IMPLIB:"C:\Users\Damien\documents\visual studio 2010\Projects\Bot\Debug\Bot.lib" /MACHINE:X86 Debug\main.obj
         LINK : C:\Users\Damien\documents\visual studio 2010\Projects\Bot\Debug\Bot.exe not found or not built by the last incremental link; performing full link
         Bot.vcxproj -> C:\Users\Damien\documents\visual studio 2010\Projects\Bot\Debug\Bot.exe
       Manifest:
         C:\Program Files (x86)\Microsoft SDKs\Windows\v7.0A\bin\mt.exe /nologo /verbose /outputresource:"C:\Users\Damien\documents\visual studio 2010\Projects\Bot\Debug\Bot.exe;#1" /manifest Debug\Bot.exe.intermediate.manifest
       FinalizeBuildStatus:
         Deleting file "Debug\Bot.unsuccessfulbuild".
         Touching "Debug\Bot.lastbuildstate".
     1>Done Building Project "C:\Users\Damien\documents\visual studio 2010\Projects\Bot\Bot\Bot.vcxproj" (build target(s)).

Build succeeded.

Time Elapsed 00:00:08.36
